e:\working\coding\encryptionandprocessing\formatencryptionanddecryption\build\win32\debug\tlibcommon\tlibcommon.pdb
e:\working\coding\encryptionandprocessing\formatencryptionanddecryption\build\win32\debug\tlibcommon\tlibcommon.idb
e:\working\coding\encryptionandprocessing\formatencryptionanddecryption\build\win32\debug\tlibcommon\tcombitstream.obj
e:\working\coding\encryptionandprocessing\formatencryptionanddecryption\build\win32\debug\tlibcommon\tcomcabactables.obj
e:\working\coding\encryptionandprocessing\formatencryptionanddecryption\build\win32\debug\tlibcommon\tcomdatacu.obj
e:\working\coding\encryptionandprocessing\formatencryptionanddecryption\build\win32\debug\tlibcommon\tcominterpolationfilter.obj
e:\working\coding\encryptionandprocessing\formatencryptionanddecryption\build\win32\debug\tlibcommon\tcomloopfilter.obj
e:\working\coding\encryptionandprocessing\formatencryptionanddecryption\build\win32\debug\tlibcommon\tcommotioninfo.obj
e:\working\coding\encryptionandprocessing\formatencryptionanddecryption\build\win32\debug\tlibcommon\tcompattern.obj
e:\working\coding\encryptionandprocessing\formatencryptionanddecryption\build\win32\debug\tlibcommon\tcompic.obj
e:\working\coding\encryptionandprocessing\formatencryptionanddecryption\build\win32\debug\tlibcommon\tcompicsym.obj
e:\working\coding\encryptionandprocessing\formatencryptionanddecryption\build\win32\debug\tlibcommon\tcompicyuv.obj
e:\working\coding\encryptionandprocessing\formatencryptionanddecryption\build\win32\debug\tlibcommon\tcompicyuvmd5.obj
e:\working\coding\encryptionandprocessing\formatencryptionanddecryption\build\win32\debug\tlibcommon\tcomprediction.obj
e:\working\coding\encryptionandprocessing\formatencryptionanddecryption\build\win32\debug\tlibcommon\tcomrdcost.obj
e:\working\coding\encryptionandprocessing\formatencryptionanddecryption\build\win32\debug\tlibcommon\tcomrdcostweightprediction.obj
e:\working\coding\encryptionandprocessing\formatencryptionanddecryption\build\win32\debug\tlibcommon\tcomrom.obj
e:\working\coding\encryptionandprocessing\formatencryptionanddecryption\build\win32\debug\tlibcommon\tcomsampleadaptiveoffset.obj
e:\working\coding\encryptionandprocessing\formatencryptionanddecryption\build\win32\debug\tlibcommon\tcomslice.obj
e:\working\coding\encryptionandprocessing\formatencryptionanddecryption\build\win32\debug\tlibcommon\tcomtrquant.obj
e:\working\coding\encryptionandprocessing\formatencryptionanddecryption\build\win32\debug\tlibcommon\tcomweightprediction.obj
e:\working\coding\encryptionandprocessing\formatencryptionanddecryption\build\win32\debug\tlibcommon\tcomyuv.obj
e:\working\coding\encryptionandprocessing\formatencryptionanddecryption\build\win32\debug\tlibcommon\aeskey.obj
e:\working\coding\encryptionandprocessing\formatencryptionanddecryption\build\win32\debug\tlibcommon\contextmodel.obj
e:\working\coding\encryptionandprocessing\formatencryptionanddecryption\build\win32\debug\tlibcommon\contextmodel3dbuffer.obj
e:\working\coding\encryptionandprocessing\formatencryptionanddecryption\build\win32\debug\tlibcommon\sei.obj
e:\working\coding\encryptionandprocessing\formatencryptionanddecryption\build\win32\debug\tlibcommon\libmd5.obj
e:\working\coding\encryptionandprocessing\formatencryptionanddecryption\build\win32\debug\tlibcommon\tlibcommon.lib
e:\working\coding\encryptionandprocessing\formatencryptionanddecryption\build\win32\debug\tlibcommon\tlibcommon.tlog\cl.command.1.tlog
e:\working\coding\encryptionandprocessing\formatencryptionanddecryption\build\win32\debug\tlibcommon\tlibcommon.tlog\cl.read.1.tlog
e:\working\coding\encryptionandprocessing\formatencryptionanddecryption\build\win32\debug\tlibcommon\tlibcommon.tlog\cl.write.1.tlog
e:\working\coding\encryptionandprocessing\formatencryptionanddecryption\build\win32\debug\tlibcommon\tlibcommon.tlog\lib-link.read.1.tlog
e:\working\coding\encryptionandprocessing\formatencryptionanddecryption\build\win32\debug\tlibcommon\tlibcommon.tlog\lib-link.write.1.tlog
e:\working\coding\encryptionandprocessing\formatencryptionanddecryption\build\win32\debug\tlibcommon\tlibcommon.tlog\lib.command.1.tlog
