e:\working\coding\encryptionandprocessing\formatencryptionanddecryption\build\win32\debug\tlibencoder\tlibencoder.pdb
e:\working\coding\encryptionandprocessing\formatencryptionanddecryption\build\win32\debug\tlibencoder\tlibencoder.idb
e:\working\coding\encryptionandprocessing\formatencryptionanddecryption\build\win32\debug\tlibencoder\nalwrite.obj
e:\working\coding\encryptionandprocessing\formatencryptionanddecryption\build\win32\debug\tlibencoder\seiwrite.obj
e:\working\coding\encryptionandprocessing\formatencryptionanddecryption\build\win32\debug\tlibencoder\syntaxelementwriter.obj
e:\working\coding\encryptionandprocessing\formatencryptionanddecryption\build\win32\debug\tlibencoder\tencanalyze.obj
e:\working\coding\encryptionandprocessing\formatencryptionanddecryption\build\win32\debug\tlibencoder\tencbincodercabac.obj
e:\working\coding\encryptionandprocessing\formatencryptionanddecryption\build\win32\debug\tlibencoder\tencbincodercabaccounter.obj
e:\working\coding\encryptionandprocessing\formatencryptionanddecryption\build\win32\debug\tlibencoder\tenccavlc.obj
e:\working\coding\encryptionandprocessing\formatencryptionanddecryption\build\win32\debug\tlibencoder\tenccu.obj
e:\working\coding\encryptionandprocessing\formatencryptionanddecryption\build\win32\debug\tlibencoder\tencentropy.obj
e:\working\coding\encryptionandprocessing\formatencryptionanddecryption\build\win32\debug\tlibencoder\tencgop.obj
e:\working\coding\encryptionandprocessing\formatencryptionanddecryption\build\win32\debug\tlibencoder\tencpic.obj
e:\working\coding\encryptionandprocessing\formatencryptionanddecryption\build\win32\debug\tlibencoder\tencpreanalyzer.obj
e:\working\coding\encryptionandprocessing\formatencryptionanddecryption\build\win32\debug\tlibencoder\tencratectrl.obj
e:\working\coding\encryptionandprocessing\formatencryptionanddecryption\build\win32\debug\tlibencoder\tencsampleadaptiveoffset.obj
e:\working\coding\encryptionandprocessing\formatencryptionanddecryption\build\win32\debug\tlibencoder\tencsbac.obj
e:\working\coding\encryptionandprocessing\formatencryptionanddecryption\build\win32\debug\tlibencoder\tencsearch.obj
e:\working\coding\encryptionandprocessing\formatencryptionanddecryption\build\win32\debug\tlibencoder\tencslice.obj
e:\working\coding\encryptionandprocessing\formatencryptionanddecryption\build\win32\debug\tlibencoder\tenctop.obj
e:\working\coding\encryptionandprocessing\formatencryptionanddecryption\build\win32\debug\tlibencoder\weightpredanalysis.obj
e:\working\coding\encryptionandprocessing\formatencryptionanddecryption\build\win32\debug\tlibencoder\tlibencoder.lib
e:\working\coding\encryptionandprocessing\formatencryptionanddecryption\build\win32\debug\tlibencoder\tlibencoder.tlog\cl.command.1.tlog
e:\working\coding\encryptionandprocessing\formatencryptionanddecryption\build\win32\debug\tlibencoder\tlibencoder.tlog\cl.read.1.tlog
e:\working\coding\encryptionandprocessing\formatencryptionanddecryption\build\win32\debug\tlibencoder\tlibencoder.tlog\cl.write.1.tlog
e:\working\coding\encryptionandprocessing\formatencryptionanddecryption\build\win32\debug\tlibencoder\tlibencoder.tlog\lib-link.read.1.tlog
e:\working\coding\encryptionandprocessing\formatencryptionanddecryption\build\win32\debug\tlibencoder\tlibencoder.tlog\lib-link.write.1.tlog
e:\working\coding\encryptionandprocessing\formatencryptionanddecryption\build\win32\debug\tlibencoder\tlibencoder.tlog\lib.command.1.tlog
