e:\working\coding\encryptionandprocessing\formatencryptionanddecryption\build\win32\debug\tlibdecoder\tlibdecoder.pdb
e:\working\coding\encryptionandprocessing\formatencryptionanddecryption\build\win32\debug\tlibdecoder\tlibdecoder.idb
e:\working\coding\encryptionandprocessing\formatencryptionanddecryption\build\win32\debug\tlibdecoder\annexbread.obj
e:\working\coding\encryptionandprocessing\formatencryptionanddecryption\build\win32\debug\tlibdecoder\nalread.obj
e:\working\coding\encryptionandprocessing\formatencryptionanddecryption\build\win32\debug\tlibdecoder\seiread.obj
e:\working\coding\encryptionandprocessing\formatencryptionanddecryption\build\win32\debug\tlibdecoder\syntaxelementparser.obj
e:\working\coding\encryptionandprocessing\formatencryptionanddecryption\build\win32\debug\tlibdecoder\tdecbincodercabac.obj
e:\working\coding\encryptionandprocessing\formatencryptionanddecryption\build\win32\debug\tlibdecoder\tdeccavlc.obj
e:\working\coding\encryptionandprocessing\formatencryptionanddecryption\build\win32\debug\tlibdecoder\tdeccu.obj
e:\working\coding\encryptionandprocessing\formatencryptionanddecryption\build\win32\debug\tlibdecoder\tdecentropy.obj
e:\working\coding\encryptionandprocessing\formatencryptionanddecryption\build\win32\debug\tlibdecoder\tdecgop.obj
e:\working\coding\encryptionandprocessing\formatencryptionanddecryption\build\win32\debug\tlibdecoder\tdecsbac.obj
e:\working\coding\encryptionandprocessing\formatencryptionanddecryption\build\win32\debug\tlibdecoder\tdecslice.obj
e:\working\coding\encryptionandprocessing\formatencryptionanddecryption\build\win32\debug\tlibdecoder\tdectop.obj
e:\working\coding\encryptionandprocessing\formatencryptionanddecryption\build\win32\debug\tlibdecoder\tlibdecoder.lib
e:\working\coding\encryptionandprocessing\formatencryptionanddecryption\build\win32\debug\tlibdecoder\tlibdecoder.tlog\cl.command.1.tlog
e:\working\coding\encryptionandprocessing\formatencryptionanddecryption\build\win32\debug\tlibdecoder\tlibdecoder.tlog\cl.read.1.tlog
e:\working\coding\encryptionandprocessing\formatencryptionanddecryption\build\win32\debug\tlibdecoder\tlibdecoder.tlog\cl.write.1.tlog
e:\working\coding\encryptionandprocessing\formatencryptionanddecryption\build\win32\debug\tlibdecoder\tlibdecoder.tlog\lib-link.read.1.tlog
e:\working\coding\encryptionandprocessing\formatencryptionanddecryption\build\win32\debug\tlibdecoder\tlibdecoder.tlog\lib-link.write.1.tlog
e:\working\coding\encryptionandprocessing\formatencryptionanddecryption\build\win32\debug\tlibdecoder\tlibdecoder.tlog\lib.command.1.tlog
